<?xml version="1.0" encoding="UTF-8"?>
<robot generator="Robot 5.0.1 (Python 3.10.5 on win32)" generated="20220813 19:34:38.895" rpa="false" schemaversion="3">
<suite id="s1" name="Tests" source="C:\qaninja\robot\web-training-robot\tests">
<suite id="s1-s1" name="Login Form" source="C:\qaninja\robot\web-training-robot\tests\login_form.robot">
<test id="s1-s1-t1" name="Senha Inválida" line="14">
<kw name="Nova Sessão" library="base" type="SETUP">
<kw name="Open Browser" library="SeleniumLibrary">
<arg>${url}</arg>
<arg>${browser}</arg>
<doc>Opens a new browser instance to the optional ``url``.</doc>
<msg timestamp="20220813 19:34:40.358" level="INFO">Opening browser 'chrome' to base url 'https://training-wheels-protocol.herokuapp.com'.</msg>
<status status="PASS" starttime="20220813 19:34:40.357" endtime="20220813 19:34:48.043"/>
</kw>
<status status="PASS" starttime="20220813 19:34:40.356" endtime="20220813 19:34:48.044"/>
</kw>
<kw name="Go To" library="SeleniumLibrary">
<arg>${url}/login</arg>
<doc>Navigates the current browser window to the provided ``url``.</doc>
<msg timestamp="20220813 19:34:48.048" level="INFO">Opening url 'https://training-wheels-protocol.herokuapp.com/login'</msg>
<status status="PASS" starttime="20220813 19:34:48.046" endtime="20220813 19:34:49.233"/>
</kw>
<kw name="Login With">
<arg>stark</arg>
<arg>abc123</arg>
<kw name="Input Text" library="SeleniumLibrary">
<arg>css:input[name="username"]</arg>
<arg>${uname}</arg>
<doc>Types the given ``text`` into the text field identified by ``locator``.</doc>
<msg timestamp="20220813 19:34:49.240" level="INFO">Typing text 'stark' into text field 'css:input[name="username"]'.</msg>
<status status="PASS" starttime="20220813 19:34:49.239" endtime="20220813 19:34:49.746"/>
</kw>
<kw name="Input Text" library="SeleniumLibrary">
<arg>css:input[name="password"]</arg>
<arg>${pass}</arg>
<doc>Types the given ``text`` into the text field identified by ``locator``.</doc>
<msg timestamp="20220813 19:34:49.748" level="INFO">Typing text 'abc123' into text field 'css:input[name="password"]'.</msg>
<status status="PASS" starttime="20220813 19:34:49.747" endtime="20220813 19:34:50.073"/>
</kw>
<kw name="Click Element" library="SeleniumLibrary">
<arg>class:btn-login</arg>
<doc>Click the element identified by ``locator``.</doc>
<msg timestamp="20220813 19:34:50.074" level="INFO">Clicking element 'class:btn-login'.</msg>
<status status="PASS" starttime="20220813 19:34:50.073" endtime="20220813 19:34:50.948"/>
</kw>
<status status="PASS" starttime="20220813 19:34:49.238" endtime="20220813 19:34:50.949"/>
</kw>
<kw name="Should Contain Login Alert">
<arg>Senha é invalida!</arg>
<kw name="Get WebElement" library="SeleniumLibrary">
<var>${message}</var>
<arg>id:flash</arg>
<doc>Returns the first WebElement matching the given ``locator``.</doc>
<msg timestamp="20220813 19:34:51.046" level="INFO">${message} = &lt;selenium.webdriver.remote.webelement.WebElement (session="76927864a03376a226c5a2b524316ed6", element="af92240f-0cb2-4527-9251-1d169da01635")&gt;</msg>
<status status="PASS" starttime="20220813 19:34:50.955" endtime="20220813 19:34:51.046"/>
</kw>
<kw name="Should Contain" library="BuiltIn">
<arg>${message.text}</arg>
<arg>${expect_message}</arg>
<doc>Fails if ``container`` does not contain ``item`` one or more times.</doc>
<status status="PASS" starttime="20220813 19:34:51.047" endtime="20220813 19:34:51.247"/>
</kw>
<status status="PASS" starttime="20220813 19:34:50.954" endtime="20220813 19:34:51.247"/>
</kw>
<kw name="Encerra Sessão" library="base" type="TEARDOWN">
<kw name="Capture Page Screenshot" library="SeleniumLibrary">
<doc>Takes a screenshot of the current page and embeds it into a log file.</doc>
<msg timestamp="20220813 19:34:51.591" level="INFO" html="true">&lt;/td&gt;&lt;/tr&gt;&lt;tr&gt;&lt;td colspan="3"&gt;&lt;a href="selenium-screenshot-36.png"&gt;&lt;img src="selenium-screenshot-36.png" width="800px"&gt;&lt;/a&gt;</msg>
<status status="PASS" starttime="20220813 19:34:51.250" endtime="20220813 19:34:51.592"/>
</kw>
<kw name="Close Browser" library="SeleniumLibrary">
<doc>Closes the current browser.</doc>
<status status="PASS" starttime="20220813 19:34:51.592" endtime="20220813 19:34:54.927"/>
</kw>
<status status="PASS" starttime="20220813 19:34:51.249" endtime="20220813 19:34:54.928"/>
</kw>
<tag>login_error</tag>
<status status="PASS" starttime="20220813 19:34:40.353" endtime="20220813 19:34:54.929"/>
</test>
<status status="PASS" starttime="20220813 19:34:39.103" endtime="20220813 19:34:54.932"/>
</suite>
<status status="PASS" starttime="20220813 19:34:38.901" endtime="20220813 19:34:54.935"/>
</suite>
<statistics>
<total>
<stat pass="1" fail="0" skip="0">All Tests</stat>
</total>
<tag>
<stat pass="1" fail="0" skip="0">login_error</stat>
</tag>
<suite>
<stat pass="1" fail="0" skip="0" id="s1" name="Tests">Tests</stat>
<stat pass="1" fail="0" skip="0" id="s1-s1" name="Login Form">Tests.Login Form</stat>
</suite>
</statistics>
<errors>
</errors>
</robot>
